C51 COMPILER V9.00   MAIN                                                                  04/26/2023 22:01:17 PAGE 1   


C51 COMPILER V9.00, COMPILATION OF MODULE MAIN
OBJECT MODULE PLACED IN main.OBJ
COMPILER INVOKED BY: D:\soft\Keil\C51\BIN\C51.EXE main.c BROWSE DEBUG OBJECTEXTEND

line level    source

   1          #include <reg51.h>
   2          #include <stdio.h>
   3          #include "SEG.h"
   4          sbit P1_0 = 0x90;
   5          unsigned char count_count = 0;          // 计数器溢出次数统计
   6          unsigned long frequency = 0;
   7          
   8          void inter1 () interrupt 1
   9          {       
  10   1              static unsigned int timer_count = 0;
  11   1              timer_count++;
  12   1              TH0 = 0xfc;             // 重置定时器高位
  13   1              TL0 = 0x18;             // 重置定时器低位
  14   1              if (timer_count % 10 == 2) {    // 10毫秒/周期 频率100Hz
  15   2                      P1_0 = 0;
  16   2              }
  17   1              if (timer_count % 10 == 0) {    // 10毫秒/周期 频率100Hz
  18   2                      P1_0 = 1;
  19   2              }
  20   1              if (timer_count == 1000) {              // 每秒
  21   2                  timer_count = 0;
  22   2                      frequency = count_count * 65536 + TH1 * 256 + TL1;
  23   2                      count_count = 0;        // 统计完重置计数器溢出次数
  24   2                      TH1 = 0;                        // 统计完重置计数器高位
  25   2                      TL1 = 0;                        // 统计完重置计数器低位
  26   2                      sprintf(print_char_list,"%08lu",frequency);
  27   2                      mapping(print_char_list, print_code_list);
  28   2              }
  29   1      }
  30          
  31          void inter3 () interrupt 3
  32          {
  33   1              count_count++;  // 溢出次数+1
  34   1      }
  35          
  36          
  37          int main() {
  38   1          TMOD = 0x51;        // 设置计时模式 01010001
  39   1              TH0 = 0xfc;             // 设置高位初始值
  40   1              TL0 = 0x18;             // 设置低位初始值
  41   1              //TH1 = 0x00;           // 设置高位初始值
  42   1              //TL1 = 0x00;           // 设置低位初始值                                                
  43   1              IE = 0x8a;              // IE寄存器 中断请求允许响应 1000 1010  EA = 1; ET0 = 1;
  44   1          TR0 = 1;            // 开启定时器T0
  45   1              TR1 = 1;                // 开启计数器T1
  46   1              while (1) {
  47   2                      show(print_code_list);
  48   2              }
  49   1              return 0;
  50   1      }


MODULE INFORMATION:   STATIC OVERLAYABLE
   CODE SIZE        =    260    ----
   CONSTANT SIZE    =      6    ----
C51 COMPILER V9.00   MAIN                                                                  04/26/2023 22:01:17 PAGE 2   

   XDATA SIZE       =   ----    ----
   PDATA SIZE       =   ----    ----
   DATA SIZE        =      7    ----
   IDATA SIZE       =   ----    ----
   BIT SIZE         =   ----    ----
END OF MODULE INFORMATION.


C51 COMPILATION COMPLETE.  0 WARNING(S),  0 ERROR(S)
