C51 COMPILER V9.00   1                                                                     03/23/2023 10:37:12 PAGE 1   


C51 COMPILER V9.00, COMPILATION OF MODULE 1
OBJECT MODULE PLACED IN 1.OBJ
COMPILER INVOKED BY: D:\soft\Keil\C51\BIN\C51.EXE 1.c BROWSE DEBUG OBJECTEXTEND

line level    source

   1          #include <reg51.h>
   2          #include <intrins.h>
   3          
   4          #define uchar unsigned char
   5          #define uint unsigned int
   6          
   7          code uchar DISPLAY_VALUE[] = {
   8          0xc0,0xf9,0xa4,0xb0,
   9          0x99,0x92,0x82,0xf8,
  10          0x80,0x90,0xbf
  11          };
  12          
  13          int main() {
  14   1          uchar index[8] = {10,10,10,10,10,10,10,10};
  15   1              uchar hour = 23,min = 59,sec = 59,x = 0xfe,i,j;
  16   1              index[0] = hour / 10;
  17   1              index[1] = hour % 10;
  18   1              index[3] = min / 10;
  19   1              index[4] = min % 10;
  20   1              index[6] = sec / 10;
  21   1              index[7] = sec % 10;
  22   1              while (1) {
  23   2                  for (i = 0; i < 8; i++) {
  24   3                          P2 = 0xff;          //นุตฦ
  25   3                              P2 = DISPLAY_VALUE[index[i]];
  26   3                              P0 = x;
  27   3                              for (j = 0; j < 255; j++);
  28   3                          x = _crol_(x,1);
  29   3                      }
  30   2              }
  31   1              return 0;
  32   1      }


MODULE INFORMATION:   STATIC OVERLAYABLE
   CODE SIZE        =    114    ----
   CONSTANT SIZE    =     19    ----
   XDATA SIZE       =   ----    ----
   PDATA SIZE       =   ----    ----
   DATA SIZE        =   ----       8
   IDATA SIZE       =   ----    ----
   BIT SIZE         =   ----    ----
END OF MODULE INFORMATION.


C51 COMPILATION COMPLETE.  0 WARNING(S),  0 ERROR(S)
