C51 COMPILER V9.00   1                                                                     03/02/2023 20:53:03 PAGE 1   


C51 COMPILER V9.00, COMPILATION OF MODULE 1
OBJECT MODULE PLACED IN 1.OBJ
COMPILER INVOKED BY: D:\soft\Keil\C51\BIN\C51.EXE 1.c BROWSE DEBUG OBJECTEXTEND

line level    source

   1          #include<reg51.h>
   2          #include<intrins.h>
   3          sbit S1 = P3^0;
   4          
   5          int main() {
   6   1              unsigned char mode = 0x00;      // 默认关灯             0x00 关灯 0x01 灯效1 0x02 灯效2 ...
   7   1              unsigned char x = 0x7f;         // 0111 1111
   8   1              unsigned char y = 0xfe;         // 1111 1110
   9   1              unsigned int i,j;                       // 循环变量
  10   1              while(1) {
  11   2                      while(S1 == 0){                                         // S1 摁下
  12   3                              for(i = 0; i < 500; i++) for(j = 0; j < 12000; j++);                    // 500ms
  13   3                              if(S1 != 0){                                    // 长摁[0-500]ms
  14   4                                      P1 = 0xff;                                      // 关灯提示
  15   4                                      mode = 0x00;                            // 关灯模式
  16   4                                      break;                                          // 退出while(S1 == 0)循环
  17   4                              } else {                                                // 长摁[500-1000]ms
  18   4                                      P1 = 0x7f;                                      // 灯光提示0111 1111
  19   4                                      mode = 0x01;                            // 灯效1模式
  20   4                                      for(i = 0; i < 500; i++) for(j = 0; j < 12000; j++);            // 500ms
  21   4                                      if(S1 != 0){                            // 长摁[500-1000]ms
  22   5                                              break;                                  // 退出while(S1 == 0)循环
  23   5                                      } else {                                        // 长摁[1000-1500]ms
  24   5                                              P1 = 0x3f;                              // 灯光提示0011 1111
  25   5                                              mode = 0x02;                    // 灯效2模式
  26   5                                              for(i = 0; i < 500; i++) for(j = 0; j < 12000; j++);    // 500ms
  27   5                                              if(S1 != 0){                    // 长摁[1000-1500]ms
  28   6                                                      break;                          // 退出while(S1 == 0)循环
  29   6                                              } else {                                // 长摁[1500-2000]ms
  30   6                                                      P1 = 0x1f;                      // 灯光提示0001 1111
  31   6                                                      mode = 0x03;            // 灯效3模式
  32   6                                                      for(i = 0; i < 500; i++) for(j = 0; j < 12000; j++);// 500ms
  33   6                                                      break;                          // 退出while(S1 == 0)循环
  34   6                                              }
  35   5                                      }
  36   4                              }
  37   3                      }
  38   2      
  39   2                      if(mode == 0x00) {
  40   3                              P1 = 0xff;
  41   3                              continue;
  42   3                      }
  43   2                      if(mode == 0x01) {
  44   3                              P1 = x;
  45   3                              x = _cror_(x, 1);
  46   3                              y = _crol_(y, 1);
  47   3                              for(i = 0; i < 250; i++)    // 250ms
  48   3                              for(j = 0; j < 12000; j++); // 12HMz 1ms
  49   3                              continue;
  50   3                      }
  51   2                      if(mode == 0x02) {
  52   3                              P1 = x;
  53   3                              x = _crol_(x, 1);
  54   3                              y = _cror_(y, 1);
  55   3                              for(i = 0; i < 250; i++)    // 250ms
C51 COMPILER V9.00   1                                                                     03/02/2023 20:53:03 PAGE 2   

  56   3                              for(j = 0; j < 12000; j++); // 12HMz 1ms
  57   3                              continue;
  58   3                      }
  59   2                      if(mode == 0x03) {
  60   3                              P1 = x & y;
  61   3                              x = _cror_(x, 1);
  62   3                              y = _crol_(y, 1);
  63   3                              for(i = 0; i < 250; i++)    // 500ms
  64   3                              for(j = 0; j < 12000; j++); // 12HMz 1ms
  65   3                              continue;
  66   3                      }
  67   2              }
  68   1              return 0;
  69   1      }


MODULE INFORMATION:   STATIC OVERLAYABLE
   CODE SIZE        =    374    ----
   CONSTANT SIZE    =   ----    ----
   XDATA SIZE       =   ----    ----
   PDATA SIZE       =   ----    ----
   DATA SIZE        =   ----    ----
   IDATA SIZE       =   ----    ----
   BIT SIZE         =   ----    ----
END OF MODULE INFORMATION.


C51 COMPILATION COMPLETE.  0 WARNING(S),  0 ERROR(S)
