C51 COMPILER V9.00   MAIN                                                                  04/20/2023 18:56:28 PAGE 1   


C51 COMPILER V9.00, COMPILATION OF MODULE MAIN
OBJECT MODULE PLACED IN main.OBJ
COMPILER INVOKED BY: D:\soft\Keil\C51\BIN\C51.EXE main.c BROWSE DEBUG OBJECTEXTEND

line level    source

   1          #include <reg51.h>
   2          sbit P1_0 = 0x90;
   3          unsigned char second = 56, minute = 57, hour = 8;
   4          unsigned char rate_x = 0;
   5          unsigned char rate_sum = 0;
   6          
   7          
   8          void inter1 () interrupt 1
   9          {       
  10   1              static unsigned char timer_count = 0;
  11   1              timer_count++;
  12   1              TH0 = 0xfc; // 重置高位
  13   1              TL0 = 0x17; // 重置低位
  14   1              if (timer_count == rate_x) {
  15   2                  P1_0 = ~P1_0;
  16   2              }
  17   1              if (timer_count == rate_sum) {
  18   2                  P1_0 = ~P1_0;
  19   2                      timer_count = 0;
  20   2              }
  21   1      }
  22          
  23          
  24          int main() {
  25   1              rate_x = 2;             // 比例
  26   1              rate_sum = rate_x + 1;
  27   1          TMOD = 0x11;        // 设置计时模式 00000001
  28   1              TH0 = 0xfc;             // 设置高位初始值
  29   1              TL0 = 0x17;             // 设置低位初始值
  30   1              IE = 0x8f;              // IE寄存器控制 1000 0010  EA = 1; ET0 = 1;
  31   1          TR0 = 1;            // 开启定时计时器T0
  32   1              while (1) {
  33   2              }
  34   1              return 0;
  35   1      }


MODULE INFORMATION:   STATIC OVERLAYABLE
   CODE SIZE        =     58    ----
   CONSTANT SIZE    =   ----    ----
   XDATA SIZE       =   ----    ----
   PDATA SIZE       =   ----    ----
   DATA SIZE        =      6    ----
   IDATA SIZE       =   ----    ----
   BIT SIZE         =   ----    ----
END OF MODULE INFORMATION.


C51 COMPILATION COMPLETE.  0 WARNING(S),  0 ERROR(S)
